<?xml version="1.0" encoding="UTF-8"?>
<testng-results skipped="0" failed="0" ignored="0" total="1" passed="1">
  <reporter-output>
  </reporter-output>
  <suite name="Default suite" duration-ms="51330" started-at="2017-12-13T14:15:54Z" finished-at="2017-12-13T14:16:45Z">
    <groups>
    </groups>
    <test name="Default test" duration-ms="51330" started-at="2017-12-13T14:15:54Z" finished-at="2017-12-13T14:16:45Z">
      <class name="com.SchoolMgmt.schooltest.TestCasesForLoginGeneralMaintain">
        <test-method status="PASS" signature="Siteup()[pri:0, instance:com.SchoolMgmt.schooltest.TestCasesForLoginGeneralMaintain@18be83e4]" name="Siteup" is-config="true" duration-ms="14304" started-at="2017-12-13T19:45:56Z" finished-at="2017-12-13T19:46:10Z">
          <reporter-output>
          </reporter-output>
        </test-method> <!-- Siteup -->
        <test-method status="PASS" signature="Test3([Ljava.lang.String;)[pri:0, instance:com.SchoolMgmt.schooltest.TestCasesForLoginGeneralMaintain@18be83e4]" name="Test3" duration-ms="34248" started-at="2017-12-13T19:46:10Z" data-provider="personalData" finished-at="2017-12-13T19:46:44Z">
          <params>
            <param index="0">
              <value>
                <![CDATA[[Ljava.lang.String;@37052337]]>
              </value>
            </param>
          </params>
          <reporter-output>
          </reporter-output>
        </test-method> <!-- Test3 -->
        <test-method status="PASS" signature="teardown()[pri:0, instance:com.SchoolMgmt.schooltest.TestCasesForLoginGeneralMaintain@18be83e4]" name="teardown" is-config="true" duration-ms="1028" started-at="2017-12-13T19:46:44Z" finished-at="2017-12-13T19:46:45Z">
          <reporter-output>
          </reporter-output>
        </test-method> <!-- teardown -->
      </class> <!-- com.SchoolMgmt.schooltest.TestCasesForLoginGeneralMaintain -->
    </test> <!-- Default test -->
  </suite> <!-- Default suite -->
</testng-results>
